2019-12-25 10:30:30.143  INFO 8096 --- [main] c.c.c.ConfigServicePropertySourceLocator : Fetching config from server at : http://localhost:8888
2019-12-25 10:30:32.261  INFO 8096 --- [main] c.c.c.ConfigServicePropertySourceLocator : Connect Timeout Exception on Url - http://localhost:8888. Will be trying the next url if available
2019-12-25 10:30:32.263  WARN 8096 --- [main] c.c.c.ConfigServicePropertySourceLocator : Could not locate PropertySource: I/O error on GET request for "http://localhost:8888/gateway-service/default": Connection refused: connect; nested exception is java.net.ConnectException: Connection refused: connect
2019-12-25 10:30:32.265  INFO 8096 --- [main] boardify.gateway.GatewayApplication      : No active profile set, falling back to default profiles: default
2019-12-25 10:30:33.746  WARN 8096 --- [main] o.s.boot.actuate.endpoint.EndpointId     : Endpoint ID 'service-registry' contains invalid characters, please migrate to a valid format.
2019-12-25 10:30:33.756  WARN 8096 --- [main] o.s.boot.actuate.endpoint.EndpointId     : Endpoint ID 'hystrix.stream' contains invalid characters, please migrate to a valid format.
2019-12-25 10:30:33.916  INFO 8096 --- [main] o.s.cloud.context.scope.GenericScope     : BeanFactory id=5e7f39a7-80c0-3762-89bd-c50d58ff1921
2019-12-25 10:30:34.346  INFO 8096 --- [main] trationDelegate$BeanPostProcessorChecker : Bean 'org.springframework.cloud.autoconfigure.ConfigurationPropertiesRebinderAutoConfiguration' of type [org.springframework.cloud.autoconfigure.ConfigurationPropertiesRebinderAutoConfiguration$$EnhancerBySpringCGLIB$$b1af470a] is not eligible for getting processed by all BeanPostProcessors (for example: not eligible for auto-proxying)
2019-12-25 10:30:34.541  INFO 8096 --- [main] o.s.b.w.embedded.tomcat.TomcatWebServer  : Tomcat initialized with port(s): 8080 (http)
2019-12-25 10:30:34.541  INFO 8096 --- [main] o.apache.catalina.core.StandardService   : Starting service [Tomcat]
2019-12-25 10:30:34.541  INFO 8096 --- [main] org.apache.catalina.core.StandardEngine  : Starting Servlet engine: [Apache Tomcat/9.0.27]
2019-12-25 10:30:34.688  INFO 8096 --- [main] o.a.c.c.C.[Tomcat].[localhost].[/]       : Initializing Spring embedded WebApplicationContext
2019-12-25 10:30:34.688  INFO 8096 --- [main] o.s.web.context.ContextLoader            : Root WebApplicationContext: initialization completed in 2273 ms
2019-12-25 10:30:34.780  WARN 8096 --- [main] c.n.c.sources.URLConfigurationSource     : No URLs will be polled as dynamic configuration sources.
2019-12-25 10:30:34.781  INFO 8096 --- [main] c.n.c.sources.URLConfigurationSource     : To enable URLs as dynamic configuration sources, define System property archaius.configurationSource.additionalUrls or make config.properties available on classpath.
2019-12-25 10:30:34.870  INFO 8096 --- [main] c.netflix.config.DynamicPropertyFactory  : DynamicPropertyFactory is initialized with configuration sources: com.netflix.config.ConcurrentCompositeConfiguration@a44effb
2019-12-25 10:30:36.609  INFO 8096 --- [main] .s.s.UserDetailsServiceAutoConfiguration : 

Using generated security password: aee25cb1-20b0-48f5-b3bb-a81f61935b71

2019-12-25 10:30:36.902  INFO 8096 --- [main] o.s.s.web.DefaultSecurityFilterChain     : Creating filter chain: any request, [org.springframework.security.web.context.request.async.WebAsyncManagerIntegrationFilter@5305f936, org.springframework.security.web.context.SecurityContextPersistenceFilter@391b01c5, org.springframework.security.web.header.HeaderWriterFilter@4d8522ff, org.springframework.web.filter.CorsFilter@2b1a1a37, boardify.commonsecurity.filters.microserviceFilters.JwtTokenAuthenticationFilter@2e4b5da1, org.springframework.security.web.savedrequest.RequestCacheAwareFilter@4ec37a42, org.springframework.security.web.servletapi.SecurityContextHolderAwareRequestFilter@71f056a, org.springframework.security.web.authentication.AnonymousAuthenticationFilter@7d90764a, org.springframework.security.web.session.SessionManagementFilter@3883031d, org.springframework.security.web.access.ExceptionTranslationFilter@2d2133fd, org.springframework.security.web.access.intercept.FilterSecurityInterceptor@30a791a6]
2019-12-25 10:30:37.013  WARN 8096 --- [main] c.n.c.sources.URLConfigurationSource     : No URLs will be polled as dynamic configuration sources.
2019-12-25 10:30:37.013  INFO 8096 --- [main] c.n.c.sources.URLConfigurationSource     : To enable URLs as dynamic configuration sources, define System property archaius.configurationSource.additionalUrls or make config.properties available on classpath.
2019-12-25 10:30:37.151  INFO 8096 --- [main] o.s.s.concurrent.ThreadPoolTaskExecutor  : Initializing ExecutorService 'applicationTaskExecutor'
2019-12-25 10:30:38.224  WARN 8096 --- [main] ockingLoadBalancerClientRibbonWarnLogger : You already have RibbonLoadBalancerClient on your classpath. It will be used by default. As Spring Cloud Ribbon is in maintenance mode. We recommend switching to BlockingLoadBalancerClient instead. In order to use it, set the value of `spring.cloud.loadbalancer.ribbon.enabled` to `false` or remove spring-cloud-starter-netflix-ribbon from your project.
2019-12-25 10:30:38.240  WARN 8096 --- [main] eactorLoadBalancerClientRibbonWarnLogger : You have RibbonLoadBalancerClient on your classpath. LoadBalancerExchangeFilterFunction that uses it under the hood will be used by default. Spring Cloud Ribbon is now in maintenance mode, so we suggest switching to ReactorLoadBalancerExchangeFilterFunction instead. In order to use it, set the value of `spring.cloud.loadbalancer.ribbon.enabled` to `false` or remove spring-cloud-starter-netflix-ribbon from your project.
2019-12-25 10:30:38.564  INFO 8096 --- [main] o.s.c.n.zuul.ZuulFilterInitializer       : Starting filter initializer
2019-12-25 10:30:38.580  INFO 8096 --- [main] o.s.b.a.e.web.EndpointLinksResolver      : Exposing 2 endpoint(s) beneath base path '/actuator'
2019-12-25 10:30:38.642  INFO 8096 --- [main] o.s.c.n.eureka.InstanceInfoFactory       : Setting initial instance status as: STARTING
2019-12-25 10:30:38.749  INFO 8096 --- [main] com.netflix.discovery.DiscoveryClient    : Initializing Eureka in region us-east-1
2019-12-25 10:30:38.845  INFO 8096 --- [main] c.n.d.provider.DiscoveryJerseyProvider   : Using JSON encoding codec LegacyJacksonJson
2019-12-25 10:30:38.846  INFO 8096 --- [main] c.n.d.provider.DiscoveryJerseyProvider   : Using JSON decoding codec LegacyJacksonJson
2019-12-25 10:30:38.950  INFO 8096 --- [main] c.n.d.provider.DiscoveryJerseyProvider   : Using XML encoding codec XStreamXml
2019-12-25 10:30:38.950  INFO 8096 --- [main] c.n.d.provider.DiscoveryJerseyProvider   : Using XML decoding codec XStreamXml
2019-12-25 10:30:39.119  INFO 8096 --- [main] c.n.d.s.r.aws.ConfigClusterResolver      : Resolving eureka endpoints via configuration
2019-12-25 10:30:39.451  INFO 8096 --- [main] com.netflix.discovery.DiscoveryClient    : Disable delta property : false
2019-12-25 10:30:39.451  INFO 8096 --- [main] com.netflix.discovery.DiscoveryClient    : Single vip registry refresh property : null
2019-12-25 10:30:39.451  INFO 8096 --- [main] com.netflix.discovery.DiscoveryClient    : Force full registry fetch : false
2019-12-25 10:30:39.451  INFO 8096 --- [main] com.netflix.discovery.DiscoveryClient    : Application is null : false
2019-12-25 10:30:39.451  INFO 8096 --- [main] com.netflix.discovery.DiscoveryClient    : Registered Applications size is zero : true
2019-12-25 10:30:39.451  INFO 8096 --- [main] com.netflix.discovery.DiscoveryClient    : Application version is -1: true
2019-12-25 10:30:39.451  INFO 8096 --- [main] com.netflix.discovery.DiscoveryClient    : Getting all instance registry info from the eureka server
2019-12-25 10:30:39.876  INFO 8096 --- [main] com.netflix.discovery.DiscoveryClient    : The response status is 200
2019-12-25 10:30:39.876  INFO 8096 --- [main] com.netflix.discovery.DiscoveryClient    : Starting heartbeat executor: renew interval is: 30
2019-12-25 10:30:39.876  INFO 8096 --- [main] c.n.discovery.InstanceInfoReplicator     : InstanceInfoReplicator onDemand update allowed rate per min is 4
2019-12-25 10:30:39.876  INFO 8096 --- [main] com.netflix.discovery.DiscoveryClient    : Discovery Client initialized at timestamp 1577262639876 with initial instances count: 0
2019-12-25 10:30:39.876  INFO 8096 --- [main] o.s.c.n.e.s.EurekaServiceRegistry        : Registering application GATEWAY-SERVICE with eureka with status UP
2019-12-25 10:30:39.876  INFO 8096 --- [main] com.netflix.discovery.DiscoveryClient    : Saw local status change event StatusChangeEvent [timestamp=1577262639876, current=UP, previous=STARTING]
2019-12-25 10:30:39.876  INFO 8096 --- [DiscoveryClient-InstanceInfoReplicator-0] com.netflix.discovery.DiscoveryClient    : DiscoveryClient_GATEWAY-SERVICE/192.168.2.112:gateway-service:8080: registering service...
2019-12-25 10:30:39.938  INFO 8096 --- [main] o.s.b.w.embedded.tomcat.TomcatWebServer  : Tomcat started on port(s): 8080 (http) with context path ''
2019-12-25 10:30:39.938  INFO 8096 --- [main] .s.c.n.e.s.EurekaAutoServiceRegistration : Updating port to 8080
2019-12-25 10:30:40.023  INFO 8096 --- [DiscoveryClient-InstanceInfoReplicator-0] com.netflix.discovery.DiscoveryClient    : DiscoveryClient_GATEWAY-SERVICE/192.168.2.112:gateway-service:8080 - registration status: 204
2019-12-25 10:30:40.972  INFO 8096 --- [main] boardify.gateway.GatewayApplication      : Started GatewayApplication in 13.606 seconds (JVM running for 15.112)
2019-12-25 10:30:41.886  INFO 8096 --- [RMI TCP Connection(7)-192.168.2.112] c.c.c.ConfigServicePropertySourceLocator : Fetching config from server at : http://localhost:8888
2019-12-25 10:30:42.869  INFO 8096 --- [RMI TCP Connection(9)-192.168.2.112] o.a.c.c.C.[Tomcat].[localhost].[/]       : Initializing Spring DispatcherServlet 'dispatcherServlet'
2019-12-25 10:30:42.869  INFO 8096 --- [RMI TCP Connection(9)-192.168.2.112] o.s.web.servlet.DispatcherServlet        : Initializing Servlet 'dispatcherServlet'
2019-12-25 10:30:42.897  INFO 8096 --- [RMI TCP Connection(9)-192.168.2.112] o.s.web.servlet.DispatcherServlet        : Completed initialization in 28 ms
2019-12-25 10:30:43.915  INFO 8096 --- [RMI TCP Connection(7)-192.168.2.112] c.c.c.ConfigServicePropertySourceLocator : Connect Timeout Exception on Url - http://localhost:8888. Will be trying the next url if available
2019-12-25 10:30:43.915  WARN 8096 --- [RMI TCP Connection(7)-192.168.2.112] c.c.c.ConfigServicePropertySourceLocator : Could not locate PropertySource: I/O error on GET request for "http://localhost:8888/gateway-service/default": Connection refused: connect; nested exception is java.net.ConnectException: Connection refused: connect
2019-12-25 10:31:09.886  INFO 8096 --- [DiscoveryClient-CacheRefreshExecutor-0] com.netflix.discovery.DiscoveryClient    : Disable delta property : false
2019-12-25 10:31:09.886  INFO 8096 --- [DiscoveryClient-CacheRefreshExecutor-0] com.netflix.discovery.DiscoveryClient    : Single vip registry refresh property : null
2019-12-25 10:31:09.886  INFO 8096 --- [DiscoveryClient-CacheRefreshExecutor-0] com.netflix.discovery.DiscoveryClient    : Force full registry fetch : false
2019-12-25 10:31:09.886  INFO 8096 --- [DiscoveryClient-CacheRefreshExecutor-0] com.netflix.discovery.DiscoveryClient    : Application is null : false
2019-12-25 10:31:09.886  INFO 8096 --- [DiscoveryClient-CacheRefreshExecutor-0] com.netflix.discovery.DiscoveryClient    : Registered Applications size is zero : true
2019-12-25 10:31:09.886  INFO 8096 --- [DiscoveryClient-CacheRefreshExecutor-0] com.netflix.discovery.DiscoveryClient    : Application version is -1: false
2019-12-25 10:31:09.886  INFO 8096 --- [DiscoveryClient-CacheRefreshExecutor-0] com.netflix.discovery.DiscoveryClient    : Getting all instance registry info from the eureka server
2019-12-25 10:31:09.932  INFO 8096 --- [DiscoveryClient-CacheRefreshExecutor-0] com.netflix.discovery.DiscoveryClient    : The response status is 200
2019-12-25 10:35:39.456  INFO 8096 --- [AsyncResolver-bootstrap-executor-0] c.n.d.s.r.aws.ConfigClusterResolver      : Resolving eureka endpoints via configuration
2019-12-25 10:40:39.465  INFO 8096 --- [AsyncResolver-bootstrap-executor-0] c.n.d.s.r.aws.ConfigClusterResolver      : Resolving eureka endpoints via configuration
